2026-06-15 20:02:36,376  INFO        [OPEN]    22/tcp  OPEN      SSH
2026-06-15 20:02:36,423  INFO        [OPEN]    80/tcp  OPEN      HTTP
2026-06-15 20:02:47,262  INFO      
=======================================================
  Scan Complete  -  2026-06-15 20:02:47
  Open   : 2
  Closed : 1022
  Timeout: 0

  Open ports:
    >> 22/tcp  (SSH)
    >> 80/tcp  (HTTP)
=======================================================

2026-06-15 20:05:05,572  INFO        [OPEN]    22/tcp  OPEN      SSH
2026-06-15 20:05:05,575  INFO        [OPEN]    80/tcp  OPEN      HTTP
2026-06-15 20:05:16,354  INFO      
=======================================================
  Scan Complete  -  2026-06-15 20:05:16
  Open   : 2
  Closed : 1022
  Timeout: 0

  Open ports:
    >> 22/tcp  (SSH)
    >> 80/tcp  (HTTP)
=======================================================

